Traceback (most recent call last):
  File "/opt/hostedtoolcache/Python/3.9.19/x64/lib/python3.9/site-packages/jupyter_cache/executors/utils.py", line 58, in single_nb_execution
    executenb(
  File "/opt/hostedtoolcache/Python/3.9.19/x64/lib/python3.9/site-packages/nbclient/client.py", line 1314, in execute
    return NotebookClient(nb=nb, resources=resources, km=km, **kwargs).execute()
  File "/opt/hostedtoolcache/Python/3.9.19/x64/lib/python3.9/site-packages/jupyter_core/utils/__init__.py", line 165, in wrapped
    return loop.run_until_complete(inner)
  File "/opt/hostedtoolcache/Python/3.9.19/x64/lib/python3.9/asyncio/base_events.py", line 647, in run_until_complete
    return future.result()
  File "/opt/hostedtoolcache/Python/3.9.19/x64/lib/python3.9/site-packages/nbclient/client.py", line 709, in async_execute
    await self.async_execute_cell(
  File "/opt/hostedtoolcache/Python/3.9.19/x64/lib/python3.9/site-packages/nbclient/client.py", line 1062, in async_execute_cell
    await self._check_raise_for_error(cell, cell_index, exec_reply)
  File "/opt/hostedtoolcache/Python/3.9.19/x64/lib/python3.9/site-packages/nbclient/client.py", line 918, in _check_raise_for_error
    raise CellExecutionError.from_cell_and_msg(cell, exec_reply_content)
nbclient.exceptions.CellExecutionError: An error occurred while executing the following cell:
------------------
import plotly.express as px
df = px.data.iris()
fig = px.scatter(df, x="sepal_width", y="sepal_length", color="species",
                 marginal_y="violin", marginal_x="box", trendline="ols",
                 template="simple_white")
fig.show()
------------------


[0;31m---------------------------------------------------------------------------[0m
[0;31mAttributeError[0m                            Traceback (most recent call last)
[0;32m/tmp/ipykernel_9306/3986162227.py[0m in [0;36m<cell line: 3>[0;34m()[0m
[1;32m      1[0m [0;32mimport[0m [0mplotly[0m[0;34m.[0m[0mexpress[0m [0;32mas[0m [0mpx[0m[0;34m[0m[0;34m[0m[0m
[1;32m      2[0m [0mdf[0m [0;34m=[0m [0mpx[0m[0;34m.[0m[0mdata[0m[0;34m.[0m[0miris[0m[0;34m([0m[0;34m)[0m[0;34m[0m[0;34m[0m[0m
[0;32m----> 3[0;31m fig = px.scatter(df, x="sepal_width", y="sepal_length", color="species",
[0m[1;32m      4[0m                  [0mmarginal_y[0m[0;34m=[0m[0;34m"violin"[0m[0;34m,[0m [0mmarginal_x[0m[0;34m=[0m[0;34m"box"[0m[0;34m,[0m [0mtrendline[0m[0;34m=[0m[0;34m"ols"[0m[0;34m,[0m[0;34m[0m[0;34m[0m[0m
[1;32m      5[0m                  template="simple_white")

[0;32m/opt/hostedtoolcache/Python/3.9.19/x64/lib/python3.9/site-packages/plotly/express/_chart_types.py[0m in [0;36mscatter[0;34m(data_frame, x, y, color, symbol, size, hover_name, hover_data, custom_data, text, facet_row, facet_col, facet_col_wrap, facet_row_spacing, facet_col_spacing, error_x, error_x_minus, error_y, error_y_minus, animation_frame, animation_group, category_orders, labels, orientation, color_discrete_sequence, color_discrete_map, color_continuous_scale, range_color, color_continuous_midpoint, symbol_sequence, symbol_map, opacity, size_max, marginal_x, marginal_y, trendline, trendline_options, trendline_color_override, trendline_scope, log_x, log_y, range_x, range_y, render_mode, title, template, width, height)[0m
[1;32m     64[0m     [0mmark[0m [0;32min[0m [0;36m2[0m[0mD[0m [0mspace[0m[0;34m.[0m[0;34m[0m[0;34m[0m[0m
[1;32m     65[0m     """
[0;32m---> 66[0;31m     [0;32mreturn[0m [0mmake_figure[0m[0;34m([0m[0margs[0m[0;34m=[0m[0mlocals[0m[0;34m([0m[0;34m)[0m[0;34m,[0m [0mconstructor[0m[0;34m=[0m[0mgo[0m[0;34m.[0m[0mScatter[0m[0;34m)[0m[0;34m[0m[0;34m[0m[0m
[0m[1;32m     67[0m [0;34m[0m[0m
[1;32m     68[0m [0;34m[0m[0m

[0;32m/opt/hostedtoolcache/Python/3.9.19/x64/lib/python3.9/site-packages/plotly/express/_core.py[0m in [0;36mmake_figure[0;34m(args, constructor, trace_patch, layout_patch)[0m
[1;32m   2178[0m                     [0mgroup[0m[0;34m[[0m[0mvar[0m[0;34m][0m [0;34m=[0m [0;36m100.0[0m [0;34m*[0m [0mgroup[0m[0;34m[[0m[0mvar[0m[0;34m][0m [0;34m/[0m [0mgroup_sum[0m[0;34m[0m[0;34m[0m[0m
[1;32m   2179[0m [0;34m[0m[0m
[0;32m-> 2180[0;31m             patch, fit_results = make_trace_kwargs(
[0m[1;32m   2181[0m                 [0margs[0m[0;34m,[0m [0mtrace_spec[0m[0;34m,[0m [0mgroup[0m[0;34m,[0m [0mmapping_labels[0m[0;34m.[0m[0mcopy[0m[0;34m([0m[0;34m)[0m[0;34m,[0m [0msizeref[0m[0;34m[0m[0;34m[0m[0m
[1;32m   2182[0m             )

[0;32m/opt/hostedtoolcache/Python/3.9.19/x64/lib/python3.9/site-packages/plotly/express/_core.py[0m in [0;36mmake_trace_kwargs[0;34m(args, trace_spec, trace_data, mapping_labels, sizeref)[0m
[1;32m    357[0m                     [0mtrace_patch[0m[0;34m[[0m[0;34m"x"[0m[0;34m][0m [0;34m=[0m [0msorted_trace_data[0m[0;34m[[0m[0margs[0m[0;34m[[0m[0;34m"x"[0m[0;34m][0m[0;34m][0m[0;34m[[0m[0mnon_missing[0m[0;34m][0m[0;34m[0m[0;34m[0m[0m
[1;32m    358[0m                     [0mtrendline_function[0m [0;34m=[0m [0mtrendline_functions[0m[0;34m[[0m[0mattr_value[0m[0;34m][0m[0;34m[0m[0;34m[0m[0m
[0;32m--> 359[0;31m                     y_out, hover_header, fit_results = trendline_function(
[0m[1;32m    360[0m                         [0margs[0m[0;34m[[0m[0;34m"trendline_options"[0m[0;34m][0m[0;34m,[0m[0;34m[0m[0;34m[0m[0m
[1;32m    361[0m                         [0msorted_trace_data[0m[0;34m[[0m[0margs[0m[0;34m[[0m[0;34m"x"[0m[0;34m][0m[0;34m][0m[0;34m,[0m[0;34m[0m[0;34m[0m[0m

[0;32m/opt/hostedtoolcache/Python/3.9.19/x64/lib/python3.9/site-packages/plotly/express/trendline_functions/__init__.py[0m in [0;36mols[0;34m(trendline_options, x_raw, x, y, x_label, y_label, non_missing)[0m
[1;32m     41[0m             )
[1;32m     42[0m [0;34m[0m[0m
[0;32m---> 43[0;31m     [0;32mimport[0m [0mstatsmodels[0m[0;34m.[0m[0mapi[0m [0;32mas[0m [0msm[0m[0;34m[0m[0;34m[0m[0m
[0m[1;32m     44[0m [0;34m[0m[0m
[1;32m     45[0m     [0madd_constant[0m [0;34m=[0m [0mtrendline_options[0m[0;34m.[0m[0mget[0m[0;34m([0m[0;34m"add_constant"[0m[0;34m,[0m [0;32mTrue[0m[0;34m)[0m[0;34m[0m[0;34m[0m[0m

[0;32m/opt/hostedtoolcache/Python/3.9.19/x64/lib/python3.9/site-packages/statsmodels/api.py[0m in [0;36m<module>[0;34m[0m
[1;32m      7[0m [0;32mfrom[0m [0;34m.[0m [0;32mimport[0m [0mtools[0m[0;34m[0m[0;34m[0m[0m
[1;32m      8[0m [0;32mfrom[0m [0;34m.[0m[0mtools[0m[0;34m.[0m[0mtools[0m [0;32mimport[0m [0madd_constant[0m[0;34m,[0m [0mcategorical[0m[0;34m[0m[0;34m[0m[0m
[0;32m----> 9[0;31m [0;32mfrom[0m [0;34m.[0m [0;32mimport[0m [0mregression[0m[0;34m[0m[0;34m[0m[0m
[0m[1;32m     10[0m [0;32mfrom[0m [0;34m.[0m[0mregression[0m[0;34m.[0m[0mlinear_model[0m [0;32mimport[0m [0mOLS[0m[0;34m,[0m [0mGLS[0m[0;34m,[0m [0mWLS[0m[0;34m,[0m [0mGLSAR[0m[0;34m[0m[0;34m[0m[0m
[1;32m     11[0m [0;32mfrom[0m [0;34m.[0m[0mregression[0m[0;34m.[0m[0mrecursive_ls[0m [0;32mimport[0m [0mRecursiveLS[0m[0;34m[0m[0;34m[0m[0m

[0;32m/opt/hostedtoolcache/Python/3.9.19/x64/lib/python3.9/site-packages/statsmodels/regression/__init__.py[0m in [0;36m<module>[0;34m[0m
[0;32m----> 1[0;31m [0;32mfrom[0m [0;34m.[0m[0mlinear_model[0m [0;32mimport[0m [0myule_walker[0m[0;34m[0m[0;34m[0m[0m
[0m[1;32m      2[0m [0;34m[0m[0m
[1;32m      3[0m [0;32mfrom[0m [0mstatsmodels[0m[0;34m.[0m[0mtools[0m[0;34m.[0m[0m_testing[0m [0;32mimport[0m [0mPytestTester[0m[0;34m[0m[0;34m[0m[0m
[1;32m      4[0m [0;34m[0m[0m
[1;32m      5[0m [0m__all__[0m [0;34m=[0m [0;34m[[0m[0;34m'yule_walker'[0m[0;34m,[0m [0;34m'test'[0m[0;34m][0m[0;34m[0m[0;34m[0m[0m

[0;32m/opt/hostedtoolcache/Python/3.9.19/x64/lib/python3.9/site-packages/statsmodels/regression/linear_model.py[0m in [0;36m<module>[0;34m[0m
[1;32m     44[0m from statsmodels.tools.decorators import (cache_readonly,
[1;32m     45[0m                                           cache_writable)
[0;32m---> 46[0;31m [0;32mimport[0m [0mstatsmodels[0m[0;34m.[0m[0mbase[0m[0;34m.[0m[0mmodel[0m [0;32mas[0m [0mbase[0m[0;34m[0m[0;34m[0m[0m
[0m[1;32m     47[0m [0;32mimport[0m [0mstatsmodels[0m[0;34m.[0m[0mbase[0m[0;34m.[0m[0mwrapper[0m [0;32mas[0m [0mwrap[0m[0;34m[0m[0;34m[0m[0m
[1;32m     48[0m [0;32mfrom[0m [0mstatsmodels[0m[0;34m.[0m[0memplike[0m[0;34m.[0m[0melregress[0m [0;32mimport[0m [0m_ELRegOpts[0m[0;34m[0m[0;34m[0m[0m

[0;32m/opt/hostedtoolcache/Python/3.9.19/x64/lib/python3.9/site-packages/statsmodels/base/model.py[0m in [0;36m<module>[0;34m[0m
[1;32m     14[0m                                           cached_value, cached_data)
[1;32m     15[0m [0;32mimport[0m [0mstatsmodels[0m[0;34m.[0m[0mbase[0m[0;34m.[0m[0mwrapper[0m [0;32mas[0m [0mwrap[0m[0;34m[0m[0;34m[0m[0m
[0;32m---> 16[0;31m [0;32mfrom[0m [0mstatsmodels[0m[0;34m.[0m[0mtools[0m[0;34m.[0m[0mnumdiff[0m [0;32mimport[0m [0mapprox_fprime[0m[0;34m[0m[0;34m[0m[0m
[0m[1;32m     17[0m [0;32mfrom[0m [0mstatsmodels[0m[0;34m.[0m[0mtools[0m[0;34m.[0m[0msm_exceptions[0m [0;32mimport[0m [0mValueWarning[0m[0;34m,[0m[0;31m [0m[0;31m\[0m[0;34m[0m[0;34m[0m[0m
[1;32m     18[0m     [0mHessianInversionWarning[0m[0;34m[0m[0;34m[0m[0m

[0;32m/opt/hostedtoolcache/Python/3.9.19/x64/lib/python3.9/site-packages/statsmodels/tools/numdiff.py[0m in [0;36m<module>[0;34m[0m
[1;32m     49[0m [0;34m[0m[0m
[1;32m     50[0m [0;31m# NOTE: we only do double precision internally so far[0m[0;34m[0m[0;34m[0m[0m
[0;32m---> 51[0;31m [0mEPS[0m [0;34m=[0m [0mnp[0m[0;34m.[0m[0mMachAr[0m[0;34m([0m[0;34m)[0m[0;34m.[0m[0meps[0m[0;34m[0m[0;34m[0m[0m
[0m[1;32m     52[0m [0;34m[0m[0m
[1;32m     53[0m _hessian_docs = """

[0;32m/opt/hostedtoolcache/Python/3.9.19/x64/lib/python3.9/site-packages/numpy/__init__.py[0m in [0;36m__getattr__[0;34m(attr)[0m
[1;32m    318[0m             [0;32mreturn[0m [0mTester[0m[0;34m[0m[0;34m[0m[0m
[1;32m    319[0m [0;34m[0m[0m
[0;32m--> 320[0;31m         raise AttributeError("module {!r} has no attribute "
[0m[1;32m    321[0m                              "{!r}".format(__name__, attr))
[1;32m    322[0m [0;34m[0m[0m

[0;31mAttributeError[0m: module 'numpy' has no attribute 'MachAr'

